<?xml version="1.0" encoding="UTF-8"?>
<testng-results skipped="0" failed="0" ignored="7" total="10" passed="3">
  <reporter-output>
  </reporter-output>
  <suite name="Suite" duration-ms="27" started-at="2021-04-15T10:52:57Z" finished-at="2021-04-15T10:52:57Z">
    <groups>
      <group name="smoke">
        <method signature="Class1.class1Method2()[pri:0, instance:TestNGPackage.Class1@cb5822]" name="class1Method2" class="TestNGPackage.Class1"/>
        <method signature="Class2.class2Method2()[pri:0, instance:TestNGPackage.Class2@475530b9]" name="class2Method2" class="TestNGPackage.Class2"/>
        <method signature="Class3.class3Method3()[pri:0, instance:TestNGPackage.Class3@1d057a39]" name="class3Method3" class="TestNGPackage.Class3"/>
      </group> <!-- smoke -->
    </groups>
    <test name="Test" duration-ms="27" started-at="2021-04-15T10:52:57Z" finished-at="2021-04-15T10:52:57Z">
      <class name="TestNGPackage.Class1">
        <test-method status="PASS" signature="class1Method2()[pri:0, instance:TestNGPackage.Class1@cb5822]" name="class1Method2" duration-ms="9" started-at="2021-04-15T16:22:57Z" finished-at="2021-04-15T16:22:57Z">
          <reporter-output>
          </reporter-output>
        </test-method> <!-- class1Method2 -->
      </class> <!-- TestNGPackage.Class1 -->
      <class name="TestNGPackage.Class2">
        <test-method status="PASS" signature="class2Method2()[pri:0, instance:TestNGPackage.Class2@475530b9]" name="class2Method2" duration-ms="1" started-at="2021-04-15T16:22:57Z" finished-at="2021-04-15T16:22:57Z">
          <reporter-output>
          </reporter-output>
        </test-method> <!-- class2Method2 -->
      </class> <!-- TestNGPackage.Class2 -->
      <class name="TestNGPackage.Class3">
        <test-method status="PASS" signature="class3Method3()[pri:0, instance:TestNGPackage.Class3@1d057a39]" name="class3Method3" duration-ms="0" started-at="2021-04-15T16:22:57Z" finished-at="2021-04-15T16:22:57Z">
          <reporter-output>
          </reporter-output>
        </test-method> <!-- class3Method3 -->
      </class> <!-- TestNGPackage.Class3 -->
    </test> <!-- Test -->
  </suite> <!-- Suite -->
</testng-results>
