<?xml version="1.0" encoding="UTF-8"?>
<testng-results skipped="0" failed="0" ignored="0" total="5" passed="5">
  <reporter-output>
  </reporter-output>
  <suite name="Default suite" duration-ms="23" started-at="2021-04-19T12:15:10Z" finished-at="2021-04-19T12:15:10Z">
    <groups>
      <group name="smoke">
        <method signature="DataProviderTestNG.DataProviderMethod3()[pri:0, instance:TestNGPackage.DataProviderTestNG@4678c730]" name="DataProviderMethod3" class="TestNGPackage.DataProviderTestNG"/>
      </group> <!-- smoke -->
    </groups>
    <test name="Default test" duration-ms="23" started-at="2021-04-19T12:15:10Z" finished-at="2021-04-19T12:15:10Z">
      <class name="TestNGPackage.DataProviderTestNG">
        <test-method status="PASS" signature="DataProviderBeforeSuite()[pri:0, instance:TestNGPackage.DataProviderTestNG@4678c730]" name="DataProviderBeforeSuite" is-config="true" duration-ms="5" started-at="2021-04-19T17:45:10Z" finished-at="2021-04-19T17:45:10Z">
          <reporter-output>
          </reporter-output>
        </test-method> <!-- DataProviderBeforeSuite -->
        <test-method status="PASS" signature="DataProviderMethod1()[pri:0, instance:TestNGPackage.DataProviderTestNG@4678c730]" name="DataProviderMethod1" duration-ms="4" started-at="2021-04-19T17:45:10Z" finished-at="2021-04-19T17:45:10Z">
          <reporter-output>
          </reporter-output>
        </test-method> <!-- DataProviderMethod1 -->
        <test-method status="PASS" signature="DataProviderMethod2(java.lang.String, java.lang.String)[pri:0, instance:TestNGPackage.DataProviderTestNG@4678c730]" name="DataProviderMethod2" duration-ms="1" started-at="2021-04-19T17:45:10Z" data-provider="dataProviderMethod" finished-at="2021-04-19T17:45:10Z">
          <params>
            <param index="0">
              <value>
                <![CDATA[FirstUserName]]>
              </value>
            </param>
            <param index="1">
              <value>
                <![CDATA[FirstPassword]]>
              </value>
            </param>
          </params>
          <reporter-output>
          </reporter-output>
        </test-method> <!-- DataProviderMethod2 -->
        <test-method status="PASS" signature="DataProviderMethod2(java.lang.String, java.lang.String)[pri:0, instance:TestNGPackage.DataProviderTestNG@4678c730]" name="DataProviderMethod2" duration-ms="1" started-at="2021-04-19T17:45:10Z" data-provider="dataProviderMethod" finished-at="2021-04-19T17:45:10Z">
          <params>
            <param index="0">
              <value>
                <![CDATA[SecondUserName]]>
              </value>
            </param>
            <param index="1">
              <value>
                <![CDATA[SecondPassword]]>
              </value>
            </param>
          </params>
          <reporter-output>
          </reporter-output>
        </test-method> <!-- DataProviderMethod2 -->
        <test-method status="PASS" signature="DataProviderMethod2(java.lang.String, java.lang.String)[pri:0, instance:TestNGPackage.DataProviderTestNG@4678c730]" name="DataProviderMethod2" duration-ms="0" started-at="2021-04-19T17:45:10Z" data-provider="dataProviderMethod" finished-at="2021-04-19T17:45:10Z">
          <params>
            <param index="0">
              <value>
                <![CDATA[ThirdUserName]]>
              </value>
            </param>
            <param index="1">
              <value>
                <![CDATA[ThirdUserName]]>
              </value>
            </param>
          </params>
          <reporter-output>
          </reporter-output>
        </test-method> <!-- DataProviderMethod2 -->
        <test-method status="PASS" signature="DataProviderMethod3()[pri:0, instance:TestNGPackage.DataProviderTestNG@4678c730]" name="DataProviderMethod3" duration-ms="1" started-at="2021-04-19T17:45:10Z" finished-at="2021-04-19T17:45:10Z">
          <reporter-output>
          </reporter-output>
        </test-method> <!-- DataProviderMethod3 -->
        <test-method status="PASS" signature="DataProviderAfterSuite()[pri:0, instance:TestNGPackage.DataProviderTestNG@4678c730]" name="DataProviderAfterSuite" is-config="true" duration-ms="0" started-at="2021-04-19T17:45:10Z" finished-at="2021-04-19T17:45:10Z">
          <reporter-output>
          </reporter-output>
        </test-method> <!-- DataProviderAfterSuite -->
      </class> <!-- TestNGPackage.DataProviderTestNG -->
    </test> <!-- Default test -->
  </suite> <!-- Default suite -->
</testng-results>
