<?xml version="1.0" encoding="UTF-8"?>
<!-- Generated by org.testng.reporters.JUnitXMLReporter -->
<testsuite hostname="VISHALKA-LT" ignored="7" name="Test" tests="3" failures="0" timestamp="15 Apr 2021 10:52:57 GMT" time="0.027" errors="0">
  <testcase name="class1Method2" time="0.009" classname="TestNGPackage.Class1"/>
  <testcase name="class2Method2" time="0.001" classname="TestNGPackage.Class2"/>
  <testcase name="class3Method3" time="0.0" classname="TestNGPackage.Class3"/>
  <testcase name="class2Method1" time="0.0" classname="TestNGPackage.Class2">
    <ignored/>
  </testcase> <!-- class2Method1 -->
  <testcase name="class3Method1" time="0.0" classname="TestNGPackage.Class3">
    <ignored/>
  </testcase> <!-- class3Method1 -->
  <testcase name="class3Method2" time="0.0" classname="TestNGPackage.Class3">
    <ignored/>
  </testcase> <!-- class3Method2 -->
  <testcase name="class1Method3" time="0.0" classname="TestNGPackage.Class1">
    <ignored/>
  </testcase> <!-- class1Method3 -->
  <testcase name="demo" time="0.0" classname="TestNGPackage.FirstTestNGProgram">
    <ignored/>
  </testcase> <!-- demo -->
  <testcase name="class2Method3" time="0.0" classname="TestNGPackage.Class2">
    <ignored/>
  </testcase> <!-- class2Method3 -->
  <testcase name="class1Method1" time="0.0" classname="TestNGPackage.Class1">
    <ignored/>
  </testcase> <!-- class1Method1 -->
</testsuite> <!-- Test -->
