<?xml version="1.0" encoding="UTF-8"?>
<!-- Generated by org.testng.reporters.JUnitXMLReporter -->
<testsuite hostname="VISHALKA-LT" ignored="0" name="Test" tests="7" failures="1" timestamp="23 Apr 2021 11:20:20 GMT" time="0.062" errors="0">
  <testcase name="demo" time="0.005" classname="TestNGPackage.FirstTestNGProgram"/>
  <testcase name="class1Method1" time="0.004" classname="TestNGPackage.Class1">
    <failure type="java.lang.AssertionError" message="expected [true] but found [false]">
      <![CDATA[java.lang.AssertionError: expected [true] but found [false]
	at TestNGPackage.Class1.class1Method1(Class1.java:20)
... Removed 29 stack frames]]>
    </failure>
  </testcase> <!-- class1Method1 -->
  <testcase name="class1Method2" time="0.001" classname="TestNGPackage.Class1"/>
  <testcase name="class1Method3" time="0.001" classname="TestNGPackage.Class1"/>
  <testcase name="class2Method1" time="0.001" classname="TestNGPackage.Class2"/>
  <testcase name="class2Method2" time="0.002" classname="TestNGPackage.Class2"/>
  <testcase name="class2Method3" time="0.002" classname="TestNGPackage.Class2"/>
</testsuite> <!-- Test -->
