<?xml version="1.0" encoding="UTF-8"?>
<!-- Generated by org.testng.reporters.JUnitXMLReporter -->
<testsuite hostname="VISHALKA-LT" ignored="0" name="Test3" tests="3" failures="0" timestamp="15 Apr 2021 10:08:21 GMT" time="0.023" errors="0">
  <testcase name="class3Method1" time="0.006" classname="TestNGPackage.Class3"/>
  <testcase name="class3Method2" time="0.0" classname="TestNGPackage.Class3"/>
  <testcase name="class3Method3" time="0.001" classname="TestNGPackage.Class3"/>
</testsuite> <!-- Test3 -->
