<?xml version="1.0" encoding="UTF-8"?>
<!-- Generated by org.testng.reporters.JUnitXMLReporter -->
<testsuite hostname="VISHALKA-LT" ignored="0" name="Test2" tests="6" failures="0" timestamp="23 Apr 2021 11:20:20 GMT" time="0.011" errors="0">
  <testcase name="class2Method1" time="0.001" classname="TestNGPackage.Class2"/>
  <testcase name="class2Method2" time="0.0" classname="TestNGPackage.Class2"/>
  <testcase name="class2Method3" time="0.001" classname="TestNGPackage.Class2"/>
  <testcase name="class3Method1" time="0.001" classname="TestNGPackage.Class3"/>
  <testcase name="class3Method2" time="0.001" classname="TestNGPackage.Class3"/>
  <testcase name="class3Method3" time="0.0" classname="TestNGPackage.Class3"/>
</testsuite> <!-- Test2 -->
